<?xml version="1.0" encoding="UTF-8"?>
<!-- Generated by org.testng.reporters.JUnitXMLReporter -->
<testsuite ignored="0" hostname="vivobook-asuslaptop-x512flc-x512fl" failures="0" tests="5" name="Default test" time="173.895" errors="0" timestamp="2024-01-25T09:31:45 IST">
  <testcase classname="com.Reg.TRS_Data.Getdata" name="login" time="9.52"/>
  <testcase classname="com.Reg.TRS_Data.Getdata" name="series_set" time="17.219"/>
  <testcase classname="com.Reg.TRS_Data.Getdata" name="registration" time="6.088"/>
  <testcase classname="com.Reg.TRS_Data.Getdata" name="getTrs" time="51.52"/>
  <testcase classname="com.Reg.TRS_Data.Getdata" name="getTrs2" time="87.914"/>
</testsuite> <!-- Default test -->
